26-Jun-2019 11:22:06.766 信息 [main] org.apache.catalina.startup.VersionLoggerListener.log Server version:        Apache Tomcat/8.5.38
26-Jun-2019 11:22:06.775 信息 [main] org.apache.catalina.startup.VersionLoggerListener.log Server built:          Feb 5 2019 11:42:42 UTC
26-Jun-2019 11:22:06.776 信息 [main] org.apache.catalina.startup.VersionLoggerListener.log Server number:         8.5.38.0
26-Jun-2019 11:22:06.778 信息 [main] org.apache.catalina.startup.VersionLoggerListener.log OS Name:               Windows 7
26-Jun-2019 11:22:06.779 信息 [main] org.apache.catalina.startup.VersionLoggerListener.log OS Version:            6.1
26-Jun-2019 11:22:06.780 信息 [main] org.apache.catalina.startup.VersionLoggerListener.log Architecture:          amd64
26-Jun-2019 11:22:06.782 信息 [main] org.apache.catalina.startup.VersionLoggerListener.log Java Home:             D:\Program Files\Java\jdk1.8.0_151\jre
26-Jun-2019 11:22:06.783 信息 [main] org.apache.catalina.startup.VersionLoggerListener.log JVM Version:           1.8.0_151-b12
26-Jun-2019 11:22:06.784 信息 [main] org.apache.catalina.startup.VersionLoggerListener.log JVM Vendor:            Oracle Corporation
26-Jun-2019 11:22:06.788 信息 [main] org.apache.catalina.startup.VersionLoggerListener.log CATALINA_BASE:         D:\Resources\cms
26-Jun-2019 11:22:06.790 信息 [main] org.apache.catalina.startup.VersionLoggerListener.log CATALINA_HOME:         D:\Resources\cms
26-Jun-2019 11:22:06.791 信息 [main] org.apache.catalina.startup.VersionLoggerListener.log Command line argument: -Djava.util.logging.config.file=D:\Resources\cms\conf\logging.properties
26-Jun-2019 11:22:06.793 信息 [main] org.apache.catalina.startup.VersionLoggerListener.log Command line argument: -Djava.util.logging.manager=org.apache.juli.ClassLoaderLogManager
26-Jun-2019 11:22:06.795 信息 [main] org.apache.catalina.startup.VersionLoggerListener.log Command line argument: -Djdk.tls.ephemeralDHKeySize=2048
26-Jun-2019 11:22:06.797 信息 [main] org.apache.catalina.startup.VersionLoggerListener.log Command line argument: -Djava.protocol.handler.pkgs=org.apache.catalina.webresources
26-Jun-2019 11:22:06.799 信息 [main] org.apache.catalina.startup.VersionLoggerListener.log Command line argument: -Dignore.endorsed.dirs=
26-Jun-2019 11:22:06.801 信息 [main] org.apache.catalina.startup.VersionLoggerListener.log Command line argument: -Dcatalina.base=D:\Resources\cms
26-Jun-2019 11:22:06.803 信息 [main] org.apache.catalina.startup.VersionLoggerListener.log Command line argument: -Dcatalina.home=D:\Resources\cms
26-Jun-2019 11:22:06.806 信息 [main] org.apache.catalina.startup.VersionLoggerListener.log Command line argument: -Djava.io.tmpdir=D:\Resources\cms\temp
26-Jun-2019 11:22:06.808 信息 [main] org.apache.catalina.core.AprLifecycleListener.lifecycleEvent The APR based Apache Tomcat Native library which allows optimal performance in production environments was not found on the java.library.path: [D:\Program Files\Java\jdk1.8.0_151\bin;C:\Windows\Sun\Java\bin;C:\Windows\system32;C:\Windows;C:\Program Files (x86)\Common Files\Oracle\Java\javapath;C:\ProgramData\Oracle\Java\javapath;C:\Program Files (x86)\NVIDIA Corporation\PhysX\Common;C:\Windows\system32;C:\Windows;C:\Windows\System32\Wbem;C:\Windows\System32\WindowsPowerShell\v1.0\;D:\Go\bin;D:\Python27;D:\Python27\Scripts;D:\Program Files\mysql-5.7.21\bin;D:\Program Files\Java\jdk1.8.0_151\bin;D:\Program Files\Java\jdk1.8.0_151\jre\bin;E:\vsCode软件包\Microsoft VS Code\bin;;D:\Program Files\Git\cmd;D:\Program Files\nodejs\;E:\vsCode软件包\Microsoft VS Code\bin;C:\Users\wujin\AppData\Roaming\npm;.]
26-Jun-2019 11:22:07.089 信息 [main] org.apache.coyote.AbstractProtocol.init Initializing ProtocolHandler ["http-nio-8080"]
26-Jun-2019 11:22:07.624 信息 [main] org.apache.tomcat.util.net.NioSelectorPool.getSharedSelector Using a shared selector for servlet write/read
26-Jun-2019 11:22:07.653 信息 [main] org.apache.coyote.AbstractProtocol.init Initializing ProtocolHandler ["ajp-nio-8009"]
26-Jun-2019 11:22:07.661 信息 [main] org.apache.tomcat.util.net.NioSelectorPool.getSharedSelector Using a shared selector for servlet write/read
26-Jun-2019 11:22:07.665 信息 [main] org.apache.catalina.startup.Catalina.load Initialization processed in 2087 ms
26-Jun-2019 11:22:07.722 信息 [main] org.apache.catalina.core.StandardService.startInternal Starting service [Catalina]
26-Jun-2019 11:22:07.727 信息 [main] org.apache.catalina.core.StandardEngine.startInternal Starting Servlet Engine: Apache Tomcat/8.5.38
26-Jun-2019 11:22:07.747 信息 [localhost-startStop-1] org.apache.catalina.startup.HostConfig.deployDirectory Deploying web application directory [D:\Resources\cms\webapps\ROOT]
26-Jun-2019 11:22:09.644 警告 [localhost-startStop-1] org.apache.catalina.webresources.Cache.getResource Unable to add the resource at [/WEB-INF/classes/templates/jsp/lib/commons-codec-1.9.jar] to the cache for web application [] because there was insufficient free space available after evicting expired cache entries - consider increasing the maximum size of the cache
26-Jun-2019 11:22:09.647 警告 [localhost-startStop-1] org.apache.catalina.webresources.Cache.getResource Unable to add the resource at [/WEB-INF/classes/templates/jsp/lib/commons-fileupload-1.3.1.jar] to the cache for web application [] because there was insufficient free space available after evicting expired cache entries - consider increasing the maximum size of the cache
26-Jun-2019 11:22:09.650 警告 [localhost-startStop-1] org.apache.catalina.webresources.Cache.getResource Unable to add the resource at [/WEB-INF/classes/templates/jsp/lib/commons-io-2.4.jar] to the cache for web application [] because there was insufficient free space available after evicting expired cache entries - consider increasing the maximum size of the cache
26-Jun-2019 11:22:09.652 警告 [localhost-startStop-1] org.apache.catalina.webresources.Cache.getResource Unable to add the resource at [/WEB-INF/classes/templates/jsp/lib/json.jar] to the cache for web application [] because there was insufficient free space available after evicting expired cache entries - consider increasing the maximum size of the cache
26-Jun-2019 11:22:09.658 警告 [localhost-startStop-1] org.apache.catalina.webresources.Cache.getResource Unable to add the resource at [/WEB-INF/classes/templates/modules/content] to the cache for web application [] because there was insufficient free space available after evicting expired cache entries - consider increasing the maximum size of the cache
26-Jun-2019 11:22:09.661 警告 [localhost-startStop-1] org.apache.catalina.webresources.Cache.getResource Unable to add the resource at [/WEB-INF/classes/templates/modules/edition] to the cache for web application [] because there was insufficient free space available after evicting expired cache entries - consider increasing the maximum size of the cache
26-Jun-2019 11:22:09.664 警告 [localhost-startStop-1] org.apache.catalina.webresources.Cache.getResource Unable to add the resource at [/WEB-INF/classes/templates/modules/job] to the cache for web application [] because there was insufficient free space available after evicting expired cache entries - consider increasing the maximum size of the cache
26-Jun-2019 11:22:09.666 警告 [localhost-startStop-1] org.apache.catalina.webresources.Cache.getResource Unable to add the resource at [/WEB-INF/classes/templates/modules/meeting] to the cache for web application [] because there was insufficient free space available after evicting expired cache entries - consider increasing the maximum size of the cache
26-Jun-2019 11:22:09.669 警告 [localhost-startStop-1] org.apache.catalina.webresources.Cache.getResource Unable to add the resource at [/WEB-INF/classes/templates/modules/oss] to the cache for web application [] because there was insufficient free space available after evicting expired cache entries - consider increasing the maximum size of the cache
26-Jun-2019 11:22:09.673 警告 [localhost-startStop-1] org.apache.catalina.webresources.Cache.getResource Unable to add the resource at [/WEB-INF/classes/templates/modules/rank] to the cache for web application [] because there was insufficient free space available after evicting expired cache entries - consider increasing the maximum size of the cache
26-Jun-2019 11:22:09.676 警告 [localhost-startStop-1] org.apache.catalina.webresources.Cache.getResource Unable to add the resource at [/WEB-INF/classes/templates/modules/risk] to the cache for web application [] because there was insufficient free space available after evicting expired cache entries - consider increasing the maximum size of the cache
26-Jun-2019 11:22:09.679 警告 [localhost-startStop-1] org.apache.catalina.webresources.Cache.getResource Unable to add the resource at [/WEB-INF/classes/templates/modules/sys] to the cache for web application [] because there was insufficient free space available after evicting expired cache entries - consider increasing the maximum size of the cache
26-Jun-2019 11:22:09.682 警告 [localhost-startStop-1] org.apache.catalina.webresources.Cache.getResource Unable to add the resource at [/WEB-INF/classes/templates/modules/template] to the cache for web application [] because there was insufficient free space available after evicting expired cache entries - consider increasing the maximum size of the cache
26-Jun-2019 11:22:09.685 警告 [localhost-startStop-1] org.apache.catalina.webresources.Cache.getResource Unable to add the resource at [/WEB-INF/classes/templates/modules/advertisement/advertisement_image.html] to the cache for web application [] because there was insufficient free space available after evicting expired cache entries - consider increasing the maximum size of the cache
26-Jun-2019 11:22:09.687 警告 [localhost-startStop-1] org.apache.catalina.webresources.Cache.getResource Unable to add the resource at [/WEB-INF/classes/templates/modules/advertisement/advertisement_position.html] to the cache for web application [] because there was insufficient free space available after evicting expired cache entries - consider increasing the maximum size of the cache
26-Jun-2019 11:22:09.693 警告 [localhost-startStop-1] org.apache.catalina.webresources.Cache.getResource Unable to add the resource at [/WEB-INF/classes/templates/modules/comment/comment_list.html] to the cache for web application [] because there was insufficient free space available after evicting expired cache entries - consider increasing the maximum size of the cache
26-Jun-2019 11:22:09.696 警告 [localhost-startStop-1] org.apache.catalina.webresources.Cache.getResource Unable to add the resource at [/WEB-INF/classes/templates/modules/content/article_list.html] to the cache for web application [] because there was insufficient free space available after evicting expired cache entries - consider increasing the maximum size of the cache
26-Jun-2019 11:22:09.698 警告 [localhost-startStop-1] org.apache.catalina.webresources.Cache.getResource Unable to add the resource at [/WEB-INF/classes/templates/modules/content/channel_list.html] to the cache for web application [] because there was insufficient free space available after evicting expired cache entries - consider increasing the maximum size of the cache
26-Jun-2019 11:22:09.700 警告 [localhost-startStop-1] org.apache.catalina.webresources.Cache.getResource Unable to add the resource at [/WEB-INF/classes/templates/modules/content/content_image.html] to the cache for web application [] because there was insufficient free space available after evicting expired cache entries - consider increasing the maximum size of the cache
26-Jun-2019 11:22:09.702 警告 [localhost-startStop-1] org.apache.catalina.webresources.Cache.getResource Unable to add the resource at [/WEB-INF/classes/templates/modules/content/cover_image.html] to the cache for web application [] because there was insufficient free space available after evicting expired cache entries - consider increasing the maximum size of the cache
26-Jun-2019 11:22:09.705 警告 [localhost-startStop-1] org.apache.catalina.webresources.Cache.getResource Unable to add the resource at [/WEB-INF/classes/templates/modules/content/edit_article.html] to the cache for web application [] because there was insufficient free space available after evicting expired cache entries - consider increasing the maximum size of the cache
26-Jun-2019 11:22:09.707 警告 [localhost-startStop-1] org.apache.catalina.webresources.Cache.getResource Unable to add the resource at [/WEB-INF/classes/templates/modules/content/edit_fastinfo.html] to the cache for web application [] because there was insufficient free space available after evicting expired cache entries - consider increasing the maximum size of the cache
26-Jun-2019 11:22:09.709 警告 [localhost-startStop-1] org.apache.catalina.webresources.Cache.getResource Unable to add the resource at [/WEB-INF/classes/templates/modules/content/edit_report.html] to the cache for web application [] because there was insufficient free space available after evicting expired cache entries - consider increasing the maximum size of the cache
26-Jun-2019 11:22:09.712 警告 [localhost-startStop-1] org.apache.catalina.webresources.Cache.getResource Unable to add the resource at [/WEB-INF/classes/templates/modules/content/fastinfo_list.html] to the cache for web application [] because there was insufficient free space available after evicting expired cache entries - consider increasing the maximum size of the cache
26-Jun-2019 11:22:09.715 警告 [localhost-startStop-1] org.apache.catalina.webresources.Cache.getResource Unable to add the resource at [/WEB-INF/classes/templates/modules/content/institutional_selfmedia.html] to the cache for web application [] because there was insufficient free space available after evicting expired cache entries - consider increasing the maximum size of the cache
26-Jun-2019 11:22:09.717 警告 [localhost-startStop-1] org.apache.catalina.webresources.Cache.getResource Unable to add the resource at [/WEB-INF/classes/templates/modules/content/picture_position.html] to the cache for web application [] because there was insufficient free space available after evicting expired cache entries - consider increasing the maximum size of the cache
26-Jun-2019 11:22:09.719 警告 [localhost-startStop-1] org.apache.catalina.webresources.Cache.getResource Unable to add the resource at [/WEB-INF/classes/templates/modules/content/position_image.html] to the cache for web application [] because there was insufficient free space available after evicting expired cache entries - consider increasing the maximum size of the cache
26-Jun-2019 11:22:09.721 警告 [localhost-startStop-1] org.apache.catalina.webresources.Cache.getResource Unable to add the resource at [/WEB-INF/classes/templates/modules/content/push_article.html] to the cache for web application [] because there was insufficient free space available after evicting expired cache entries - consider increasing the maximum size of the cache
26-Jun-2019 11:22:09.724 警告 [localhost-startStop-1] org.apache.catalina.webresources.Cache.getResource Unable to add the resource at [/WEB-INF/classes/templates/modules/content/report_list.html] to the cache for web application [] because there was insufficient free space available after evicting expired cache entries - consider increasing the maximum size of the cache
26-Jun-2019 11:22:09.726 警告 [localhost-startStop-1] org.apache.catalina.webresources.Cache.getResource Unable to add the resource at [/WEB-INF/classes/templates/modules/content/selfmedia_contribute.html] to the cache for web application [] because there was insufficient free space available after evicting expired cache entries - consider increasing the maximum size of the cache
26-Jun-2019 11:22:09.728 警告 [localhost-startStop-1] org.apache.catalina.webresources.Cache.getResource Unable to add the resource at [/WEB-INF/classes/templates/modules/content/selfmedia_image.html] to the cache for web application [] because there was insufficient free space available after evicting expired cache entries - consider increasing the maximum size of the cache
26-Jun-2019 11:22:09.730 警告 [localhost-startStop-1] org.apache.catalina.webresources.Cache.getResource Unable to add the resource at [/WEB-INF/classes/templates/modules/content/special_column.html] to the cache for web application [] because there was insufficient free space available after evicting expired cache entries - consider increasing the maximum size of the cache
26-Jun-2019 11:22:09.733 警告 [localhost-startStop-1] org.apache.catalina.webresources.Cache.getResource Unable to add the resource at [/WEB-INF/classes/templates/modules/content/special_list.html] to the cache for web application [] because there was insufficient free space available after evicting expired cache entries - consider increasing the maximum size of the cache
26-Jun-2019 11:22:09.738 警告 [localhost-startStop-1] org.apache.catalina.webresources.Cache.getResource Unable to add the resource at [/WEB-INF/classes/templates/modules/edition/edition_app.html] to the cache for web application [] because there was insufficient free space available after evicting expired cache entries - consider increasing the maximum size of the cache
26-Jun-2019 11:22:09.741 警告 [localhost-startStop-1] org.apache.catalina.webresources.Cache.getResource Unable to add the resource at [/WEB-INF/classes/templates/modules/job/schedule.html] to the cache for web application [] because there was insufficient free space available after evicting expired cache entries - consider increasing the maximum size of the cache
26-Jun-2019 11:22:09.743 警告 [localhost-startStop-1] org.apache.catalina.webresources.Cache.getResource Unable to add the resource at [/WEB-INF/classes/templates/modules/job/schedule_log.html] to the cache for web application [] because there was insufficient free space available after evicting expired cache entries - consider increasing the maximum size of the cache
26-Jun-2019 11:22:09.747 警告 [localhost-startStop-1] org.apache.catalina.webresources.Cache.getResource Unable to add the resource at [/WEB-INF/classes/templates/modules/meeting/calendar_list.html] to the cache for web application [] because there was insufficient free space available after evicting expired cache entries - consider increasing the maximum size of the cache
26-Jun-2019 11:22:09.749 警告 [localhost-startStop-1] org.apache.catalina.webresources.Cache.getResource Unable to add the resource at [/WEB-INF/classes/templates/modules/meeting/edit_meeting.html] to the cache for web application [] because there was insufficient free space available after evicting expired cache entries - consider increasing the maximum size of the cache
26-Jun-2019 11:22:09.751 警告 [localhost-startStop-1] org.apache.catalina.webresources.Cache.getResource Unable to add the resource at [/WEB-INF/classes/templates/modules/meeting/meeting_list.html] to the cache for web application [] because there was insufficient free space available after evicting expired cache entries - consider increasing the maximum size of the cache
26-Jun-2019 11:22:09.753 警告 [localhost-startStop-1] org.apache.catalina.webresources.Cache.getResource Unable to add the resource at [/WEB-INF/classes/templates/modules/meeting/vtalk_list.html] to the cache for web application [] because there was insufficient free space available after evicting expired cache entries - consider increasing the maximum size of the cache
26-Jun-2019 11:22:09.757 警告 [localhost-startStop-1] org.apache.catalina.webresources.Cache.getResource Unable to add the resource at [/WEB-INF/classes/templates/modules/oss/oss.html] to the cache for web application [] because there was insufficient free space available after evicting expired cache entries - consider increasing the maximum size of the cache
26-Jun-2019 11:22:09.760 警告 [localhost-startStop-1] org.apache.catalina.webresources.Cache.getResource Unable to add the resource at [/WEB-INF/classes/templates/modules/rank/edit_rank.html] to the cache for web application [] because there was insufficient free space available after evicting expired cache entries - consider increasing the maximum size of the cache
26-Jun-2019 11:22:09.763 警告 [localhost-startStop-1] org.apache.catalina.webresources.Cache.getResource Unable to add the resource at [/WEB-INF/classes/templates/modules/risk/phrase_words.html] to the cache for web application [] because there was insufficient free space available after evicting expired cache entries - consider increasing the maximum size of the cache
26-Jun-2019 11:22:09.766 警告 [localhost-startStop-1] org.apache.catalina.webresources.Cache.getResource Unable to add the resource at [/WEB-INF/classes/templates/modules/risk/sensitive_words.html] to the cache for web application [] because there was insufficient free space available after evicting expired cache entries - consider increasing the maximum size of the cache
26-Jun-2019 11:22:09.769 警告 [localhost-startStop-1] org.apache.catalina.webresources.Cache.getResource Unable to add the resource at [/WEB-INF/classes/templates/modules/sys/config.html] to the cache for web application [] because there was insufficient free space available after evicting expired cache entries - consider increasing the maximum size of the cache
26-Jun-2019 11:22:09.771 警告 [localhost-startStop-1] org.apache.catalina.webresources.Cache.getResource Unable to add the resource at [/WEB-INF/classes/templates/modules/sys/dept.html] to the cache for web application [] because there was insufficient free space available after evicting expired cache entries - consider increasing the maximum size of the cache
26-Jun-2019 11:22:09.774 警告 [localhost-startStop-1] org.apache.catalina.webresources.Cache.getResource Unable to add the resource at [/WEB-INF/classes/templates/modules/sys/dict.html] to the cache for web application [] because there was insufficient free space available after evicting expired cache entries - consider increasing the maximum size of the cache
26-Jun-2019 11:22:09.776 警告 [localhost-startStop-1] org.apache.catalina.webresources.Cache.getResource Unable to add the resource at [/WEB-INF/classes/templates/modules/sys/log.html] to the cache for web application [] because there was insufficient free space available after evicting expired cache entries - consider increasing the maximum size of the cache
26-Jun-2019 11:22:09.778 警告 [localhost-startStop-1] org.apache.catalina.webresources.Cache.getResource Unable to add the resource at [/WEB-INF/classes/templates/modules/sys/menu.html] to the cache for web application [] because there was insufficient free space available after evicting expired cache entries - consider increasing the maximum size of the cache
26-Jun-2019 11:22:09.780 警告 [localhost-startStop-1] org.apache.catalina.webresources.Cache.getResource Unable to add the resource at [/WEB-INF/classes/templates/modules/sys/previewArticle.html] to the cache for web application [] because there was insufficient free space available after evicting expired cache entries - consider increasing the maximum size of the cache
26-Jun-2019 11:22:09.782 警告 [localhost-startStop-1] org.apache.catalina.webresources.Cache.getResource Unable to add the resource at [/WEB-INF/classes/templates/modules/sys/role.html] to the cache for web application [] because there was insufficient free space available after evicting expired cache entries - consider increasing the maximum size of the cache
26-Jun-2019 11:22:09.784 警告 [localhost-startStop-1] org.apache.catalina.webresources.Cache.getResource Unable to add the resource at [/WEB-INF/classes/templates/modules/sys/user.html] to the cache for web application [] because there was insufficient free space available after evicting expired cache entries - consider increasing the maximum size of the cache
26-Jun-2019 11:22:09.788 警告 [localhost-startStop-1] org.apache.catalina.webresources.Cache.getResource Unable to add the resource at [/WEB-INF/classes/templates/modules/template/inc_list.html] to the cache for web application [] because there was insufficient free space available after evicting expired cache entries - consider increasing the maximum size of the cache
26-Jun-2019 11:22:09.790 警告 [localhost-startStop-1] org.apache.catalina.webresources.Cache.getResource Unable to add the resource at [/WEB-INF/classes/templates/modules/template/template_list.html] to the cache for web application [] because there was insufficient free space available after evicting expired cache entries - consider increasing the maximum size of the cache
26-Jun-2019 11:23:12.717 信息 [localhost-startStop-1] org.apache.jasper.servlet.TldScanner.scanJars At least one JAR was scanned for TLDs yet contained no TLDs. Enable debug logging for this logger for a complete list of JARs that were scanned but no TLDs were found in them. Skipping unneeded JARs during scanning can improve startup time and JSP compilation time.
26-Jun-2019 11:23:12.831 信息 [localhost-startStop-1] org.apache.catalina.startup.HostConfig.deployDirectory Deployment of web application directory [D:\Resources\cms\webapps\ROOT] has finished in [65,082] ms
26-Jun-2019 11:23:12.837 信息 [main] org.apache.coyote.AbstractProtocol.start Starting ProtocolHandler ["http-nio-8080"]
26-Jun-2019 11:23:12.854 信息 [main] org.apache.coyote.AbstractProtocol.start Starting ProtocolHandler ["ajp-nio-8009"]
26-Jun-2019 11:23:12.858 信息 [main] org.apache.catalina.startup.Catalina.start Server startup in 65190 ms
